---
title: AS "Amazon.com, Inc." - Linux (10)
---

# AS: "Amazon.com, Inc." - Linux (10)

|   Up |   Ext | JoinTime   | IP             | CC   |   ORp |   Dirp | Version   | Contact               | Nickname            |   eFamMembers |
|-----:|------:|:-----------|:---------------|:-----|------:|-------:|:----------|:----------------------|:--------------------|--------------:|
|    0 |     0 | 12:08:40   | 34.212.169.134 | us   |  9001 |      0 | 0.2.9.11  | root at example dot o | citest14787c3HmIBT2 |             1 |
|    0 |     0 | 13:33:44   | 34.211.142.90  | us   |  9001 |      0 | 0.2.9.11  | root at example dot o | citest14738MNKVVKfP |             1 |
|    0 |     0 | 15:58:26   | 54.149.169.87  | us   |  9001 |      0 | 0.2.9.11  | root at example dot o | citest14824bfspk2v3 |             1 |
|    0 |     0 | 16:00:12   | 34.213.5.177   | us   |  9001 |      0 | 0.2.9.11  | root at example dot o | citest14825XzRDPRYv |             1 |
|    0 |     0 | 17:35:16   | 34.211.151.58  | us   |  9001 |      0 | 0.2.9.11  | root at example dot o | citest14848vPIazSkE |             1 |
|    0 |     0 | 17:37:13   | 34.211.52.50   | us   |  9001 |      0 | 0.2.9.11  | root at example dot o | citest14847MmznNkRS |             1 |
|    0 |     0 | 19:39:31   | 54.149.247.238 | us   |  9001 |      0 | 0.2.9.11  | root at example dot o | citest14903HI58gLyR |             1 |
|    0 |     0 | 21:47:51   | 54.186.222.122 | us   |  9001 |      0 | 0.2.9.11  | root at example dot o | citest14959MKLANRBX |             1 |
|    0 |     0 | 22:20:48   | 54.149.243.44  | us   |  9001 |      0 | 0.2.9.11  | root at example dot o | citest14979jZSd3IRY |             1 |
|    0 |     0 | 22:30:55   | 54.244.157.96  | us   |  9001 |      0 | 0.2.9.11  | root at example dot o | citest14980tKS4CDUy |             1 |
