---
title: AS "Amazon.com, Inc." - Linux (6)
---

# AS: "Amazon.com, Inc." - Linux (6)

|   Up |   Ext | JoinTime   | IP             | CC   |   ORp |   Dirp | Version   | Contact               | Nickname            |   eFamMembers |
|-----:|------:|:-----------|:---------------|:-----|------:|-------:|:----------|:----------------------|:--------------------|--------------:|
|    0 |     0 | 01:40:54   | 34.212.36.119  | us   |  9001 |      0 | 0.2.9.11  | root at example dot o | citest17835gxUXDYDU |             1 |
|    0 |     0 | 01:52:24   | 34.212.172.119 | us   |  9001 |      0 | 0.2.9.11  | root at example dot o | citest17836gkZjk3Hz |             1 |
|    0 |     0 | 04:27:29   | 54.187.164.24  | us   |  9001 |      0 | 0.2.9.11  | root at example dot o | citest17855rjpWtRIe |             1 |
|    0 |     0 | 04:31:06   | 54.203.144.181 | us   |  9001 |      0 | 0.2.9.11  | root at example dot o | citest17865ZUzVC2IA |             1 |
|    0 |     0 | 04:38:43   | 54.189.194.174 | us   |  9001 |      0 | 0.2.9.11  | root at example dot o | citest17844rjrTBHUU |             1 |
|    0 |     0 | 04:43:05   | 54.191.236.218 | us   |  9001 |      0 | 0.2.9.11  | root at example dot o | citest17866rAYWXLjU |             1 |
