---
title: AS "Amazon.com, Inc." - Linux (4)
---

# AS: "Amazon.com, Inc." - Linux (4)

|   Up |   Ext | JoinTime   | IP             | CC   |   ORp |   Dirp | Version       | Contact               | Nickname            |   eFamMembers |
|-----:|------:|:-----------|:---------------|:-----|------:|-------:|:--------------|:----------------------|:--------------------|--------------:|
|    1 |     0 | 07:53:45   | 34.208.72.114  | us   |   443 |      0 | 0.3.1.4-alpha | email@amazon.com      | Shapeshifter        |             1 |
|    0 |     0 | 11:42:45   | 54.244.39.200  | us   |  9001 |      0 | 0.2.9.11      | root at example dot o | citest15960fq7VzVef |             1 |
|    0 |     0 | 11:48:54   | 54.202.222.252 | us   |  9001 |      0 | 0.2.9.11      | root at example dot o | citest159513VXvqQXC |             1 |
|    0 |     0 | 11:55:40   | 54.149.139.109 | us   |  9001 |      0 | 0.2.9.11      | root at example dot o | citest159617F8UZZbY |             1 |
