---
title: AS "Amazon.com, Inc." - Linux (14)
---

# AS: "Amazon.com, Inc." - Linux (14)

|   Up |   Ext | JoinTime   | IP             | CC   |   ORp |   Dirp | Version   | Contact                 | Nickname            |   eFamMembers |
|-----:|------:|:-----------|:---------------|:-----|------:|-------:|:----------|:------------------------|:--------------------|--------------:|
|    1 |     1 | 01:42:14   | 13.58.156.246  | us   |   443 |     80 | 0.2.9.11  | None                    | AmazonionRelayE     |             1 |
|    0 |     0 | 09:04:03   | 54.191.40.73   | us   |  9001 |      0 | 0.2.9.12  | root at example dot o   | citest25829efurAmq3 |             1 |
|    0 |     0 | 09:04:23   | 34.209.215.39  | us   |  9001 |      0 | 0.2.5.14  | root at example dot o   | citest25831YfdENPMb |             1 |
|    0 |     0 | 15:02:33   | 54.191.89.131  | us   |  9001 |      0 | 0.2.9.12  | root at example dot o   | citest25850U8gZWbhS |             1 |
|    0 |     0 | 15:02:46   | 54.191.69.98   | us   |  9001 |      0 | 0.2.5.14  | root at example dot o   | citest258527dPyETLx |             1 |
|    0 |     0 | 16:03:02   | 54.187.128.4   | us   |  9001 |      0 | 0.2.5.14  | root at example dot o   | citest25884adsBNjgJ |             1 |
|    0 |     0 | 16:36:34   | 54.201.124.163 | us   |  9001 |      0 | 0.2.5.14  | root at example dot o   | citest25898DypHaamR |             1 |
|    0 |     0 | 16:36:36   | 54.213.217.142 | us   |  9001 |      0 | 0.2.9.12  | root at example dot o   | citest25896jZBqgVPM |             1 |
|    0 |     0 | 17:13:36   | 34.209.72.178  | us   |  9001 |      0 | 0.2.5.14  | root at example dot o   | citest25915WBkmXsTR |             1 |
|    0 |     0 | 17:13:59   | 34.212.23.196  | us   |  9001 |      0 | 0.2.9.12  | root at example dot o   | citest25913ZCv5k7q5 |             1 |
|    0 |     0 | 18:05:11   | 54.218.234.38  | us   |  9001 |      0 | 0.2.9.12  | root at example dot o   | citest25928bkNDDTWT |             1 |
|    0 |     0 | 19:19:06   | 34.212.28.196  | us   |  9001 |      0 | 0.2.9.12  | root at example dot o   | citest25952JvmxyxJP |             1 |
|    0 |     0 | 19:21:58   | 54.218.15.39   | us   |  9001 |      0 | 0.2.5.14  | root at example dot o   | citest25954qWqVUETb |             1 |
|    0 |     0 | 23:53:47   | 13.58.30.214   | us   |   443 |     80 | 0.2.9.11  | evanalexandre@gmail.com | ExitNode012471249   |             1 |
