---
title: AS "Online S.a.s." - Linux (8)
---

# AS: "Online S.a.s." - Linux (8)

|   Up |   Ext | JoinTime   | IP              | CC   |   ORp |   Dirp | Version   | Contact                  | Nickname            |   eFamMembers |
|-----:|------:|:-----------|:----------------|:-----|------:|-------:|:----------|:-------------------------|:--------------------|--------------:|
|    1 |     0 | 01:22:00   | 212.47.242.206  | fr   |  9999 |   8888 | 0.2.9.10  | root AT localhost        | GOT                 |             1 |
|    1 |     0 | 01:22:14   | 212.47.242.206  | fr   |  7777 |   5555 | 0.2.9.10  | root AT localhost        | GOT                 |             1 |
|    1 |     0 | 11:21:45   | 212.47.227.58   | fr   |  9001 |      0 | 0.2.4.29  | Andrea S https://keybase | monoculus           |             1 |
|    1 |     1 | 14:45:22   | 163.172.160.31  | fr   |   443 |     80 | 0.2.5.14  | None                     | Krevar2             |             2 |
|    1 |     0 | 14:53:51   | 51.15.59.133    | nl   | 15538 |  22711 | 0.2.9.10  | None                     | Unnamed             |             1 |
|    1 |     0 | 14:54:07   | 51.15.59.133    | nl   |  2989 |   9522 | 0.2.9.10  | None                     | Unnamed             |             1 |
|    1 |     0 | 18:03:04   | 163.172.190.223 | fr   |  9001 |   9090 | 0.2.9.10  | human@...                | ididntedittheconfig |             1 |
|    1 |     0 | 18:03:14   | 163.172.190.223 | fr   |  9100 |  12001 | 0.2.9.10  | human@...                | ididntedittheconfig |             1 |
