---
title: AS "Amazon.com, Inc." - Linux (6)
---

# AS: "Amazon.com, Inc." - Linux (6)

|   Up |   Ext | JoinTime   | IP             | CC   |   ORp |   Dirp | Version   | Contact               | Nickname            |   eFamMembers |
|-----:|------:|:-----------|:---------------|:-----|------:|-------:|:----------|:----------------------|:--------------------|--------------:|
|    0 |     0 | 03:18:29   | 54.169.66.232  | sg   |   443 |      0 | 0.2.9.11  | None                  | astro2              |             3 |
|    0 |     0 | 03:34:48   | 52.221.232.160 | sg   |   443 |      0 | 0.2.9.11  | None                  | astro3              |             3 |
|    0 |     0 | 03:43:58   | 54.251.184.135 | sg   |   443 |      0 | 0.2.9.11  | None                  | astro1              |             3 |
|    0 |     0 | 19:32:05   | 34.209.143.153 | us   |  9001 |      0 | 0.2.9.11  | root at example dot o | citest130114WIfrVKb |             1 |
|    0 |     0 | 19:36:58   | 34.212.137.78  | us   |  9001 |      0 | 0.2.9.11  | root at example dot o | citest13025UC8MLEa3 |             1 |
|    0 |     0 | 19:39:16   | 34.209.154.23  | us   |  9001 |      0 | 0.2.9.11  | root at example dot o | citest130189dMvkeIX |             1 |
