---
title: AS "Amazon.com, Inc." - Linux (5)
---

# AS: "Amazon.com, Inc." - Linux (5)

|   Up |   Ext | JoinTime   | IP             | CC   |   ORp |   Dirp | Version   | Contact               | Nickname            |   eFamMembers |
|-----:|------:|:-----------|:---------------|:-----|------:|-------:|:----------|:----------------------|:--------------------|--------------:|
|    0 |     0 | 10:57:04   | 34.212.131.35  | us   |  9001 |      0 | 0.2.9.11  | root at example dot o | citest13423cfjBbpaJ |             1 |
|    0 |     0 | 17:46:51   | 54.149.28.123  | us   |  9001 |      0 | 0.2.9.11  | root at example dot o | citest13454mbLKNg7d |             1 |
|    0 |     0 | 19:18:52   | 54.200.107.210 | us   |  9001 |      0 | 0.2.9.11  | root at example dot o | citest13465fMmgvzVB |             1 |
|    0 |     0 | 21:46:36   | 54.190.36.190  | us   |  9001 |      0 | 0.2.9.11  | root at example dot o | citest13512dbsNNrCP |             1 |
|    0 |     0 | 22:11:31   | 34.212.137.74  | us   |  9001 |      0 | 0.2.9.11  | root at example dot o | citest13518m4Hx7d34 |             1 |
