---
title: AS "Amazon.com, Inc." - Linux (6)
---

# AS: "Amazon.com, Inc." - Linux (6)

|   Up |   Ext | JoinTime   | IP             | CC   |   ORp |   Dirp | Version   | Contact               | Nickname            |   eFamMembers |
|-----:|------:|:-----------|:---------------|:-----|------:|-------:|:----------|:----------------------|:--------------------|--------------:|
|    0 |     0 | 11:47:15   | 34.212.137.122 | us   |  9001 |      0 | 0.2.9.11  | root at example dot o | citest13525J5csKZkM |             1 |
|    0 |     0 | 14:26:51   | 34.212.177.145 | us   |  9001 |      0 | 0.2.9.11  | root at example dot o | citest0mMbYzKpYsfyU |             1 |
|    0 |     0 | 15:34:02   | 54.245.143.112 | us   |  9001 |      0 | 0.2.9.11  | root at example dot o | citest13605sCKHbVxy |             1 |
|    0 |     0 | 18:19:28   | 54.190.2.125   | us   |  9001 |      0 | 0.2.5.14  | root at example dot o | citest000681AJZDJVM |             1 |
|    0 |     0 | 18:44:21   | 34.211.150.204 | us   |  9001 |      0 | 0.2.5.14  | root at example dot o | citest13638mjgbMFKw |             1 |
|    0 |     0 | 19:10:42   | 54.214.114.93  | us   |  9001 |      0 | 0.2.5.14  | root at example dot o | citest00014747VMZCQ |             1 |
