---
title: AS "Amazon.com, Inc." - Linux (6)
---

# AS: "Amazon.com, Inc." - Linux (6)

|   Up |   Ext | JoinTime   | IP             | CC   |   ORp |   Dirp | Version   | Contact               | Nickname            |   eFamMembers |
|-----:|------:|:-----------|:---------------|:-----|------:|-------:|:----------|:----------------------|:--------------------|--------------:|
|    0 |     0 | 00:22:26   | 54.149.222.237 | us   |  9001 |      0 | 0.2.9.12  | root at example dot o | citest26626sNACkALI |             1 |
|    0 |     0 | 15:26:18   | 34.211.230.11  | us   |  9001 |      0 | 0.2.9.12  | root at example dot o | citest26675Ja9IhJVP |             1 |
|    0 |     0 | 15:28:57   | 54.245.40.21   | us   |  9001 |      0 | 0.2.5.14  | root at example dot o | citest26676xHyfHcrV |             1 |
|    0 |     0 | 22:54:42   | 54.200.62.201  | us   |  9001 |      0 | 0.2.9.12  | root at example dot o | citest26621uHNswpHN |             1 |
|    0 |     0 | 23:33:27   | 54.186.65.160  | us   |  9001 |      0 | 0.2.9.12  | root at example dot o | citest26624sNACkALI |             1 |
|    0 |     0 | 23:54:17   | 54.245.146.140 | us   |  9001 |      0 | 0.2.9.12  | root at example dot o | citest26625YRkR34Wj |             1 |
