---
title: AS "Amazon.com, Inc." - Linux (6)
---

# AS: "Amazon.com, Inc." - Linux (6)

|   Up |   Ext | JoinTime   | IP             | CC   |   ORp |   Dirp | Version   | Contact               | Nickname            |   eFamMembers |
|-----:|------:|:-----------|:---------------|:-----|------:|-------:|:----------|:----------------------|:--------------------|--------------:|
|    0 |     0 | 09:51:09   | 34.211.39.137  | us   |  9001 |      0 | 0.2.9.11  | root at example dot o | citest15700AFQFHvEm |             1 |
|    0 |     0 | 20:16:27   | 54.213.169.168 | us   |  9001 |      0 | 0.2.9.11  | root at example dot o | citest15727XEjhev75 |             1 |
|    0 |     0 | 23:14:14   | 54.202.73.251  | us   |  9001 |      0 | 0.2.9.11  | root at example dot o | citest15681jzP24bIN |             1 |
|    0 |     0 | 23:20:57   | 54.214.108.47  | us   |  9001 |      0 | 0.2.9.11  | root at example dot o | citest15689Uw3ad29a |             1 |
|    0 |     0 | 23:26:38   | 54.245.170.95  | us   |  9001 |      0 | 0.2.9.11  | root at example dot o | citest15682zNTb4rF4 |             1 |
|    0 |     0 | 23:31:28   | 34.213.29.219  | us   |  9001 |      0 | 0.2.9.11  | root at example dot o | citest15690RsrpWssN |             1 |
