---
title: AS "Amazon.com, Inc." - Linux (4)
---

# AS: "Amazon.com, Inc." - Linux (4)

|   Up |   Ext | JoinTime   | IP             | CC   |   ORp |   Dirp | Version   | Contact                 | Nickname            |   eFamMembers |
|-----:|------:|:-----------|:---------------|:-----|------:|-------:|:----------|:------------------------|:--------------------|--------------:|
|    1 |     0 | 19:01:09   | 54.245.9.252   | us   |   443 |      0 | 0.2.4.27  | jgrobles@protonmail.com | sagafi              |             1 |
|    0 |     0 | 21:21:11   | 54.200.93.134  | us   |  9001 |      0 | 0.2.9.11  | root at example dot o   | citest19925ff2vxvdR |             1 |
|    0 |     0 | 21:30:48   | 54.218.34.238  | us   |  9001 |      0 | 0.2.5.14  | root at example dot o   | citest19926rY4X7QD9 |             1 |
|    0 |     0 | 22:08:58   | 54.191.231.191 | us   |  9001 |      0 | 0.2.5.14  | root at example dot o   | citest19979XaWWzNhA |             1 |
