---
title: AS "Amazon.com, Inc." - Linux (14)
---

# AS: "Amazon.com, Inc." - Linux (14)

|   Up |   Ext | JoinTime   | IP             | CC   |   ORp |   Dirp | Version   | Contact                   | Nickname            |   eFamMembers |
|-----:|------:|:-----------|:---------------|:-----|------:|-------:|:----------|:--------------------------|:--------------------|--------------:|
|    0 |     0 | 03:39:43   | 54.202.57.81   | us   |  9090 |      0 | 0.2.7.6   | None                      | zzzrouterddd        |             1 |
|    0 |     0 | 05:46:08   | 54.200.126.189 | us   |  9001 |      0 | 0.2.9.11  | root at example dot o     | citest14520UhAvajzJ |             1 |
|    0 |     0 | 06:02:59   | 34.213.7.5     | us   |  9001 |      0 | 0.2.9.11  | root at example dot o     | citest14528vSIyhm4T |             1 |
|    0 |     0 | 06:19:58   | 54.245.73.145  | us   |  9001 |      0 | 0.2.9.11  | root at example dot o     | citest14544JwfhdhRh |             1 |
|    0 |     0 | 06:34:54   | 54.203.201.69  | us   |  9001 |      0 | 0.2.9.11  | root at example dot o     | citest14545I4LRxRFf |             1 |
|    0 |     0 | 07:59:40   | 54.149.191.123 | us   |  9001 |      0 | 0.2.9.11  | root at example dot o     | citest14546RbxktykX |             1 |
|    1 |     1 | 08:30:56   | 107.21.137.220 | us   |   443 |     80 | 0.2.4.27  | 0xFFFFFFFF Site Admin gan | idideditheconfig    |             1 |
|    0 |     0 | 16:42:40   | 34.211.113.219 | us   |  9001 |      0 | 0.2.9.11  | root at example dot o     | citest14563YFJTPWNT |             1 |
|    0 |     0 | 16:54:06   | 34.212.137.120 | us   |  9001 |      0 | 0.2.9.11  | root at example dot o     | citest14564NQAsKjJq |             1 |
|    0 |     0 | 17:55:26   | 54.245.52.63   | us   |  9001 |      0 | 0.2.9.11  | root at example dot o     | citest14572TPAnAJRb |             1 |
|    0 |     0 | 18:33:16   | 34.211.51.160  | us   |  9001 |      0 | 0.2.9.11  | root at example dot o     | citest14589gXXkU3yX |             1 |
|    0 |     0 | 18:41:01   | 34.212.230.234 | us   |  9001 |      0 | 0.2.9.11  | root at example dot o     | citest14590Cq3nkaL2 |             1 |
|    0 |     0 | 20:48:29   | 54.190.20.150  | us   |  9001 |      0 | 0.2.9.11  | root at example dot o     | citest14607qFzSLJ5n |             1 |
|    0 |     0 | 20:59:46   | 34.211.44.35   | us   |  9001 |      0 | 0.2.9.11  | root at example dot o     | citest146084DmssI8c |             1 |
