---
title: AS "Amazon.com, Inc." - Linux (8)
---

# AS: "Amazon.com, Inc." - Linux (8)

|   Up |   Ext | JoinTime   | IP            | CC   |   ORp |   Dirp | Version   | Contact               | Nickname            |   eFamMembers |
|-----:|------:|:-----------|:--------------|:-----|------:|-------:|:----------|:----------------------|:--------------------|--------------:|
|    0 |     0 | 10:15:36   | 54.229.56.37  | ie   |  9001 |   9030 | 0.3.1.8   | None                  | Unnamed             |             1 |
|    0 |     0 | 15:35:55   | 34.210.26.176 | us   |  9001 |      0 | 0.2.9.12  | root at example dot o | citest25627ajsxRxV7 |             1 |
|    0 |     0 | 17:12:30   | 54.191.75.72  | us   |  9001 |      0 | 0.2.5.14  | root at example dot o | citest25646K5R43RTH |             1 |
|    0 |     0 | 18:25:40   | 34.209.72.206 | us   |  9001 |      0 | 0.2.9.12  | root at example dot o | citest25655JfWdIImc |             1 |
|    0 |     0 | 18:26:17   | 54.201.253.98 | us   |  9001 |      0 | 0.2.5.14  | root at example dot o | citest25657EhFjrk9C |             1 |
|    0 |     0 | 20:16:17   | 54.244.207.0  | us   |  9001 |      0 | 0.2.9.12  | root at example dot o | citest25666XRYFep8M |             1 |
|    0 |     0 | 21:29:09   | 34.223.225.38 | us   |  9001 |      0 | 0.2.9.12  | root at example dot o | citest25691kTmdIp4J |             1 |
|    0 |     0 | 21:29:34   | 54.191.116.31 | us   |  9001 |      0 | 0.2.5.14  | root at example dot o | citest25693dIfE4wUN |             1 |
