---
title: AS "Amazon.com, Inc." - Linux (14)
---

# AS: "Amazon.com, Inc." - Linux (14)

|   Up |   Ext | JoinTime   | IP             | CC   |   ORp |   Dirp | Version   | Contact               | Nickname            |   eFamMembers |
|-----:|------:|:-----------|:---------------|:-----|------:|-------:|:----------|:----------------------|:--------------------|--------------:|
|    0 |     0 | 16:31:28   | 54.214.112.1   | us   |  9001 |      0 | 0.2.5.14  | root at example dot o | citest0007368NhqRPU |             1 |
|    0 |     0 | 17:04:04   | 34.216.20.202  | us   |  9001 |      0 | 0.2.5.14  | root at example dot o | citest0003932nSAyBR |             1 |
|    0 |     0 | 17:28:25   | 54.201.27.181  | us   |  9001 |      0 | 0.2.9.12  | root at example dot o | citest26529rMmLn7Fg |             1 |
|    0 |     0 | 18:13:22   | 34.212.30.244  | us   |  9001 |      0 | 0.2.5.14  | root at example dot o | citest265474HM4K8Ec |             1 |
|    0 |     0 | 19:18:48   | 54.187.209.6   | us   |  9001 |      0 | 0.2.9.12  | root at example dot o | citest26555XuDjNaEf |             1 |
|    0 |     0 | 19:18:49   | 54.245.203.59  | us   |  9001 |      0 | 0.2.9.12  | root at example dot o | citest26554adXDnk8T |             1 |
|    0 |     0 | 19:19:23   | 54.201.218.8   | us   |  9001 |      0 | 0.2.5.14  | root at example dot o | citest26556JYtkgBLx |             1 |
|    1 |     0 | 19:52:14   | 54.218.82.100  | us   |  9001 |      0 | 0.2.9.12  | root at example dot o | citest26573PMWejnKT |             1 |
|    0 |     0 | 20:46:14   | 54.201.10.128  | us   |  9001 |      0 | 0.2.5.14  | root at example dot o | citest26578TPNtRWfP |             1 |
|    1 |     0 | 20:47:26   | 34.216.20.154  | us   |  9001 |      0 | 0.2.9.12  | root at example dot o | citest26579TPNtRWfP |             1 |
|    1 |     0 | 21:04:10   | 54.245.22.6    | us   |  9001 |      0 | 0.2.9.12  | root at example dot o | citest26589DbVgWCge |             1 |
|    1 |     0 | 21:04:22   | 54.191.37.18   | us   |  9001 |      0 | 0.2.5.14  | root at example dot o | citest26591ehB2rrYD |             1 |
|    1 |     0 | 21:05:02   | 54.214.105.220 | us   |  9001 |      0 | 0.2.9.12  | root at example dot o | citest26590zsS4BCzb |             1 |
|    0 |     0 | 21:27:58   | 54.186.96.120  | us   |  9001 |      0 | 0.2.5.14  | root at example dot o | citest26613sNACkALI |             1 |
