---
title: AS "Amazon.com, Inc." - Linux (5)
---

# AS: "Amazon.com, Inc." - Linux (5)

|   Up |   Ext | JoinTime   | IP             | CC   |   ORp |   Dirp | Version   | Contact               | Nickname            |   eFamMembers |
|-----:|------:|:-----------|:---------------|:-----|------:|-------:|:----------|:----------------------|:--------------------|--------------:|
|    0 |     0 | 08:21:40   | 54.202.229.167 | us   |  9001 |      0 | 0.2.9.11  | root at example dot o | citest14225Jcdf7NXr |             1 |
|    0 |     0 | 08:21:42   | 54.149.11.26   | us   |  9001 |      0 | 0.2.9.11  | root at example dot o | citest142263d7ShUYd |             1 |
|    0 |     0 | 09:09:14   | 54.187.130.224 | us   |  9001 |      0 | 0.2.9.11  | root at example dot o | citest14227Jcdf7NXr |             1 |
|    0 |     0 | 17:30:05   | 54.186.241.205 | us   |  9001 |      0 | 0.2.9.11  | root at example dot o | citest14234Ivjw4CQu |             1 |
|    0 |     0 | 17:43:51   | 54.187.161.32  | us   |  9001 |      0 | 0.2.9.11  | root at example dot o | citest14235LZTTBCz9 |             1 |
