---
title: AS "Amazon.com, Inc." - Linux (4)
---

# AS: "Amazon.com, Inc." - Linux (4)

|   Up |   Ext | JoinTime   | IP             | CC   |   ORp |   Dirp | Version   | Contact               | Nickname            |   eFamMembers |
|-----:|------:|:-----------|:---------------|:-----|------:|-------:|:----------|:----------------------|:--------------------|--------------:|
|    0 |     0 | 12:41:26   | 34.212.225.236 | us   |  9001 |      0 | 0.2.9.11  | root at example dot o | citest13277Epd7tr8V |             1 |
|    0 |     0 | 14:35:39   | 34.212.138.157 | us   |  9001 |      0 | 0.2.9.11  | root at example dot o | citest132844qQeFNLE |             1 |
|    0 |     0 | 18:32:30   | 54.201.3.241   | us   |  9001 |      0 | 0.2.9.11  | root at example dot o | citest13321VPZ7Yv8S |             1 |
|    0 |     0 | 18:53:43   | 54.213.57.112  | us   |  9001 |      0 | 0.2.9.11  | root at example dot o | citest133737YVefmIF |             1 |
