---
title: AS "Amazon.com, Inc." - Linux (4)
---

# AS: "Amazon.com, Inc." - Linux (4)

|   Up |   Ext | JoinTime   | IP             | CC   |   ORp |   Dirp | Version   | Contact               | Nickname            |   eFamMembers |
|-----:|------:|:-----------|:---------------|:-----|------:|-------:|:----------|:----------------------|:--------------------|--------------:|
|    0 |     0 | 12:24:43   | 54.245.185.215 | us   |  9001 |      0 | 0.2.5.14  | root at example dot o | citest232343hzCxvBw |             1 |
|    0 |     0 | 12:25:07   | 54.202.209.216 | us   |  9001 |      0 | 0.2.9.12  | root at example dot o | citest23232SHjcfPyS |             1 |
|    0 |     0 | 12:25:27   | 54.245.206.2   | us   |  9001 |      0 | 0.2.9.12  | root at example dot o | citest23233nWnYxrBp |             1 |
|    1 |     0 | 20:42:13   | 35.156.49.191  | de   |   443 |      0 | 0.3.1.7   | almost-a-blog dot net | CrimsonR4Z0r        |             1 |
