---
title: AS "Amazon.com, Inc." - Linux (7)
---

# AS: "Amazon.com, Inc." - Linux (7)

|   Up |   Ext | JoinTime   | IP             | CC   |   ORp |   Dirp | Version   | Contact               | Nickname            |   eFamMembers |
|-----:|------:|:-----------|:---------------|:-----|------:|-------:|:----------|:----------------------|:--------------------|--------------:|
|    0 |     0 | 02:46:27   | 52.200.254.31  | us   |  9040 |      0 | 0.2.9.10  | None                  | Unnamed             |             1 |
|    0 |     0 | 20:14:03   | 13.228.128.30  | sg   |  9001 |      0 | 0.3.0.9   | None                  | Unnamed             |             1 |
|    0 |     0 | 23:08:16   | 34.211.112.9   | us   |  9001 |      0 | 0.2.9.11  | root at example dot o | citest14996aKxeKakI |             1 |
|    0 |     0 | 23:13:00   | 34.211.151.111 | us   |  9001 |      0 | 0.2.9.11  | root at example dot o | citest15004TTUFz4S3 |             1 |
|    0 |     0 | 23:31:03   | 54.218.108.244 | us   |  9001 |      0 | 0.2.9.11  | root at example dot o | citest15022XAUncwAB |             1 |
|    0 |     0 | 23:32:08   | 54.244.39.252  | us   |  9001 |      0 | 0.2.9.11  | root at example dot o | citest15012ujWIexCc |             1 |
|    0 |     0 | 23:41:51   | 54.202.224.128 | us   |  9001 |      0 | 0.2.9.11  | root at example dot o | citest15013CWgmS3eZ |             1 |
