---
title: AS "Amazon.com, Inc." - Linux (8)
---

# AS: "Amazon.com, Inc." - Linux (8)

|   Up |   Ext | JoinTime   | IP             | CC   |   ORp |   Dirp | Version   | Contact               | Nickname            |   eFamMembers |
|-----:|------:|:-----------|:---------------|:-----|------:|-------:|:----------|:----------------------|:--------------------|--------------:|
|    0 |     0 | 08:08:09   | 34.211.52.67   | us   |  9001 |      0 | 0.2.5.14  | root at example dot o | citest138255pYQWRQR |             1 |
|    0 |     0 | 08:10:10   | 54.190.12.146  | us   |  9001 |      0 | 0.2.5.14  | root at example dot o | citest13843vtKUDrYg |             1 |
|    0 |     0 | 08:10:26   | 54.244.162.130 | us   |  9001 |      0 | 0.2.5.14  | root at example dot o | citest13833Ce9zjmXW |             1 |
|    0 |     0 | 08:10:56   | 54.191.231.205 | us   |  9001 |      0 | 0.2.5.14  | root at example dot o | citest13841nbhDW83f |             1 |
|    0 |     0 | 08:41:49   | 34.212.171.73  | us   |  9001 |      0 | 0.2.5.14  | root at example dot o | citest13851BI9quC8N |             1 |
|    0 |     0 | 18:05:13   | 54.190.7.201   | us   |  9001 |      0 | 0.2.5.14  | root at example dot o | citest13877pRJPq7Wq |             1 |
|    0 |     0 | 18:30:56   | 54.202.53.236  | us   |  9001 |      0 | 0.2.5.14  | root at example dot o | citest13885UquSepRd |             1 |
|    0 |     0 | 19:30:30   | 54.187.227.147 | us   |  9001 |      0 | 0.2.5.14  | root at example dot o | citest13896xfxtSEZq |             1 |
