---
title: AS "Amazon.com, Inc." - Linux (7)
---

# AS: "Amazon.com, Inc." - Linux (7)

|   Up |   Ext | JoinTime   | IP             | CC   |   ORp |   Dirp | Version   | Contact                   | Nickname            |   eFamMembers |
|-----:|------:|:-----------|:---------------|:-----|------:|-------:|:----------|:--------------------------|:--------------------|--------------:|
|    0 |     0 | 13:09:53   | 35.158.32.161  | de   |  9001 |      0 | 0.3.0.10  | https://keybase.io/knutol | mapicb303329463     |             1 |
|    0 |     0 | 13:09:53   | 35.158.229.183 | de   |  9001 |      0 | 0.3.0.10  | https://keybase.io/knutol | mapicfa41cf9191     |             1 |
|    0 |     0 | 13:09:57   | 35.159.1.170   | de   |  9001 |      0 | 0.3.0.10  | https://keybase.io/knutol | mapic5bf470ecb4     |             1 |
|    0 |     0 | 13:11:10   | 35.156.59.110  | de   |  9001 |      0 | 0.3.0.10  | https://keybase.io/knutol | mapic76f3982796     |             1 |
|    0 |     0 | 21:52:17   | 34.223.249.103 | us   |  9001 |      0 | 0.2.9.11  | root at example dot o     | citest16707NBCCu5Qn |             1 |
|    0 |     0 | 21:52:55   | 34.211.150.25  | us   |  9001 |      0 | 0.2.9.11  | root at example dot o     | citest16699HTItDVbj |             1 |
|    0 |     0 | 23:37:27   | 34.213.51.18   | us   |  9001 |      0 | 0.2.9.11  | root at example dot o     | citest16674ggusHNca |             1 |
