---
title: AS "Amazon.com, Inc." - Linux (6)
---

# AS: "Amazon.com, Inc." - Linux (6)

|   Up |   Ext | JoinTime   | IP             | CC   |   ORp |   Dirp | Version   | Contact               | Nickname            |   eFamMembers |
|-----:|------:|:-----------|:---------------|:-----|------:|-------:|:----------|:----------------------|:--------------------|--------------:|
|    0 |     0 | 15:21:39   | 54.186.84.61   | us   |  9001 |      0 | 0.2.9.12  | root at example dot o | citest27051t7eQB25a |             1 |
|    0 |     0 | 15:23:59   | 54.187.128.33  | us   |  9001 |      0 | 0.2.5.14  | root at example dot o | citest27053jaRRzcnI |             1 |
|    0 |     0 | 17:03:02   | 54.202.203.90  | us   |  9001 |      0 | 0.2.9.12  | root at example dot o | citest27088e5JNkn4c |             1 |
|    0 |     0 | 17:03:27   | 34.211.225.80  | us   |  9001 |      0 | 0.2.5.14  | root at example dot o | citest270902RIsrVTP |             1 |
|    0 |     0 | 19:15:44   | 54.191.207.170 | us   |  9001 |      0 | 0.2.5.14  | root at example dot o | citest27122fxwVdJdY |             1 |
|    0 |     0 | 20:13:38   | 34.209.89.174  | us   |  9001 |      0 | 0.2.5.14  | root at example dot o | citest27154MnRIzUsw |             1 |
