---
title: AS "Amazon.com, Inc." - Linux (5)
---

# AS: "Amazon.com, Inc." - Linux (5)

|   Up |   Ext | JoinTime   | IP             | CC   |   ORp |   Dirp | Version   | Contact                      | Nickname            |   eFamMembers |
|-----:|------:|:-----------|:---------------|:-----|------:|-------:|:----------|:-----------------------------|:--------------------|--------------:|
|    0 |     0 | 01:14:54   | 34.211.141.32  | us   |  9001 |      0 | 0.2.9.11  | root at example dot o        | citest14126zYwhdWIZ |             1 |
|    0 |     0 | 01:28:07   | 54.187.140.177 | us   |  9001 |      0 | 0.2.9.11  | root at example dot o        | citest14127SjrK4XHA |             1 |
|    0 |     0 | 08:33:43   | 54.191.174.19  | us   |  9001 |      0 | 0.2.9.11  | root at example dot o        | citest14140YTcurv58 |             1 |
|    1 |     0 | 11:13:41   | 52.39.6.26     | us   |  9001 |      0 | 0.2.7.6   | Webmaster &lt;webmaster at a | arkbyte             |             1 |
|    0 |     0 | 23:32:12   | 54.202.92.173  | us   |  9001 |      0 | 0.2.5.14  | root at example dot o        | citest14118UyJpRjmF |             1 |
