---
title: AS "Amazon.com, Inc." - Linux (4)
---

# AS: "Amazon.com, Inc." - Linux (4)

|   Up |   Ext | JoinTime   | IP            | CC   |   ORp |   Dirp | Version   | Contact               | Nickname            |   eFamMembers |
|-----:|------:|:-----------|:--------------|:-----|------:|-------:|:----------|:----------------------|:--------------------|--------------:|
|    0 |     0 | 07:42:10   | 34.212.36.195 | us   |  9001 |      0 | 0.2.9.11  | root at example dot o | citest15740dbnUq3Hw |             1 |
|    0 |     0 | 08:08:51   | 34.213.6.184  | us   |  9001 |      0 | 0.2.9.11  | root at example dot o | citest15750KuCT2HTA |             1 |
|    0 |     0 | 08:16:48   | 54.218.103.74 | us   |  9001 |      0 | 0.2.9.11  | root at example dot o | citest15751xSFmLCQV |             1 |
|    0 |     0 | 21:34:44   | 34.211.48.33  | us   |  9001 |      0 | 0.2.9.11  | root at example dot o | citest15786hrt5XUPE |             1 |
