---
title: AS "Amazon.com, Inc." - Linux (4)
---

# AS: "Amazon.com, Inc." - Linux (4)

|   Up |   Ext | JoinTime   | IP             | CC   |   ORp |   Dirp | Version   | Contact               | Nickname            |   eFamMembers |
|-----:|------:|:-----------|:---------------|:-----|------:|-------:|:----------|:----------------------|:--------------------|--------------:|
|    0 |     0 | 15:22:07   | 54.187.176.197 | us   |  9001 |      0 | 0.2.5.14  | root at example dot o | citest22191nnUHPKsh |             1 |
|    0 |     0 | 20:21:55   | 34.212.27.33   | us   |  9001 |      0 | 0.2.9.11  | root at example dot o | citest223092d8NV4Ry |             1 |
|    0 |     0 | 20:24:21   | 54.244.205.167 | us   |  9001 |      0 | 0.2.5.14  | root at example dot o | citest22310WtVLXd8e |             1 |
|    0 |     0 | 23:41:50   | 54.244.81.105  | us   |  9001 |      0 | 0.2.9.11  | root at example dot o | citest21945sRgTEwbW |             1 |
