---
title: AS "Amazon.com, Inc." - Linux (4)
---

# AS: "Amazon.com, Inc." - Linux (4)

|   Up |   Ext | JoinTime   | IP             | CC   |   ORp |   Dirp | Version   | Contact               | Nickname            |   eFamMembers |
|-----:|------:|:-----------|:---------------|:-----|------:|-------:|:----------|:----------------------|:--------------------|--------------:|
|    0 |     0 | 16:37:52   | 54.202.80.95   | us   |  9001 |      0 | 0.2.5.14  | root at example dot o | citest25019LAsQzHqr |             1 |
|    0 |     0 | 16:44:59   | 34.209.235.132 | us   |  9001 |      0 | 0.2.9.12  | root at example dot o | citest25022EjWjDjPQ |             1 |
|    1 |     0 | 18:16:59   | 34.216.22.228  | us   |  9001 |      0 | 0.2.9.12  | root at example dot o | citest25065VRedxNTz |             1 |
|    0 |     0 | 19:24:43   | 54.186.111.118 | us   |  9001 |      0 | 0.2.9.12  | root at example dot o | citest25146FA7vkJ4k |             1 |
