---
title: AS "Amazon.com, Inc." - Linux (15)
---

# AS: "Amazon.com, Inc." - Linux (15)

|   Up |   Ext | JoinTime   | IP             | CC   |   ORp |   Dirp | Version   | Contact               | Nickname            |   eFamMembers |
|-----:|------:|:-----------|:---------------|:-----|------:|-------:|:----------|:----------------------|:--------------------|--------------:|
|    0 |     0 | 19:02:31   | 54.202.91.251  | us   |  9001 |      0 | 0.2.5.14  | root at example dot o | citest20595MVKqtXfy |             1 |
|    0 |     0 | 19:13:54   | 34.211.151.13  | us   |  9001 |      0 | 0.2.9.11  | root at example dot o | citest206033CTNw2LR |             1 |
|    0 |     0 | 19:14:22   | 54.149.136.87  | us   |  9001 |      0 | 0.2.9.11  | root at example dot o | citest20602Rp2NVbv9 |             1 |
|    0 |     0 | 19:16:00   | 54.218.101.164 | us   |  9001 |      0 | 0.2.5.14  | root at example dot o | citest206044tTFX4Em |             1 |
|    0 |     0 | 19:21:36   | 54.191.160.152 | us   |  9001 |      0 | 0.2.5.14  | root at example dot o | citest20613Jh5hMInu |             1 |
|    0 |     0 | 20:04:57   | 54.186.143.63  | us   |  9001 |      0 | 0.2.9.11  | root at example dot o | citest206143CTNw2LR |             1 |
|    0 |     0 | 20:09:52   | 54.190.200.150 | us   |  9001 |      0 | 0.2.9.11  | root at example dot o | citest206153CTNw2LR |             1 |
|    0 |     0 | 20:23:03   | 34.209.244.225 | us   |  9001 |      0 | 0.2.9.11  | root at example dot o | citest20633c2ZsKPhB |             1 |
|    0 |     0 | 20:23:10   | 54.244.2.195   | us   |  9001 |      0 | 0.2.9.11  | root at example dot o | citest20635bFh4BEAL |             1 |
|    0 |     0 | 20:35:46   | 54.201.211.169 | us   |  9001 |      0 | 0.2.5.14  | root at example dot o | citest20645JyBUTQmu |             1 |
|    0 |     0 | 21:03:08   | 54.200.115.212 | us   |  9001 |      0 | 0.2.5.14  | root at example dot o | citest20712SIvEQPyK |             1 |
|    0 |     0 | 21:22:46   | 54.202.159.181 | us   |  9001 |      0 | 0.2.9.11  | root at example dot o | citest20728VKYI3IZI |             1 |
|    0 |     0 | 21:25:17   | 54.245.156.82  | us   |  9001 |      0 | 0.2.9.11  | root at example dot o | citest2072947ZVTs8f |             1 |
|    0 |     0 | 21:26:14   | 54.245.42.191  | us   |  9001 |      0 | 0.2.9.11  | root at example dot o | citest20738aJZjvEMT |             1 |
|    0 |     0 | 21:26:29   | 54.191.77.30   | us   |  9001 |      0 | 0.2.5.14  | root at example dot o | citest20719RhRKIkqK |             1 |
