---
title: AS "Amazon.com, Inc." - Linux (4)
---

# AS: "Amazon.com, Inc." - Linux (4)

|   Up |   Ext | JoinTime   | IP             | CC   |   ORp |   Dirp | Version   | Contact               | Nickname            |   eFamMembers |
|-----:|------:|:-----------|:---------------|:-----|------:|-------:|:----------|:----------------------|:--------------------|--------------:|
|    0 |     0 | 14:20:43   | 54.245.156.14  | us   |  9001 |      0 | 0.2.9.12  | sysdevs at leap dot s | citest27865rntN9M4e |             1 |
|    0 |     0 | 14:21:11   | 54.201.248.87  | us   |  9001 |      0 | 0.2.5.14  | root at example dot o | citest27867TpXKxhwu |             1 |
|    0 |     0 | 14:21:34   | 54.186.97.151  | us   |  9001 |      0 | 0.2.9.12  | sysdevs at leap dot s | citest27866u4EteEqT |             1 |
|    0 |     0 | 16:42:01   | 54.201.124.255 | us   |  9001 |      0 | 0.2.5.14  | root at example dot o | citest27891VcWZfUm3 |             1 |
