---
title: AS "Amazon.com, Inc." - Linux (11)
---

# AS: "Amazon.com, Inc." - Linux (11)

|   Up |   Ext | JoinTime   | IP             | CC   |   ORp |   Dirp | Version   | Contact               | Nickname            |   eFamMembers |
|-----:|------:|:-----------|:---------------|:-----|------:|-------:|:----------|:----------------------|:--------------------|--------------:|
|    0 |     0 | 06:39:00   | 34.211.29.61   | us   |  9001 |      0 | 0.2.5.14  | root at example dot o | citest00020510UtbAU |             1 |
|    0 |     0 | 06:41:31   | 54.187.204.50  | us   |  9001 |      0 | 0.2.5.14  | root at example dot o | citest13657DUC9MQTz |             1 |
|    0 |     0 | 14:28:59   | 54.245.70.234  | us   |  9001 |      0 | 0.2.5.14  | root at example dot o | citest13739DVfW8DjM |             1 |
|    0 |     0 | 14:32:45   | 34.209.151.8   | us   |  9001 |      0 | 0.2.5.14  | root at example dot o | citest1374735xzEQjy |             1 |
|    0 |     0 | 14:35:36   | 54.244.40.250  | us   |  9001 |      0 | 0.2.9.11  | root at example dot o | citest13763hvfKbyKV |             1 |
|    0 |     0 | 14:41:24   | 54.202.165.79  | us   |  9001 |      0 | 0.2.5.14  | root at example dot o | citest13755cnWBhdbR |             1 |
|    0 |     0 | 14:45:23   | 54.202.227.93  | us   |  9001 |      0 | 0.2.9.11  | root at example dot o | citest02HHMQRJpUN3L |             1 |
|    0 |     0 | 15:12:03   | 54.218.109.113 | us   |  9001 |      0 | 0.2.9.11  | root at example dot o | citest00027218YXjXw |             1 |
|    0 |     0 | 15:32:04   | 34.211.150.43  | us   |  9001 |      0 | 0.2.5.14  | root at example dot o | citest13772dpTWkbh9 |             1 |
|    0 |     0 | 15:54:57   | 54.186.7.176   | us   |  9001 |      0 | 0.2.5.14  | root at example dot o | citest13798uSIwheLD |             1 |
|    0 |     0 | 21:44:34   | 54.214.122.186 | us   |  9001 |      0 | 0.2.9.11  | root at example dot o | citest13818LDE7Ad8x |             1 |
